Using pre-set license
Built from '2020.3/staging' branch; Version is '2020.3.0f1 (c7b5465681fb) revision 13088070'; Using compiler version '192528614'; Build Type 'Release'
OS: 'Windows 10 Pro; OS build 19042.844; Version 2009; 64bit' Language: 'en' Physical Memory: 16365 MB
BatchMode: 1, IsHumanControllingUs: 0, StartBugReporterOnCrash: 0, Is64bit: 1, IsPro: 0

 COMMAND LINE ARGUMENTS:
D:\Program Files\2020.3.0f1\Editor\Unity.exe
-adb2
-batchMode
-noUpm
-name
AssetImportWorker0
-projectPath
D:/Uni and personal work/Unity Games/Typing game
-logFile
Logs/AssetImportWorker0.log
-srvPort
55367
Successfully changed project path to: D:/Uni and personal work/Unity Games/Typing game
D:/Uni and personal work/Unity Games/Typing game
Using Asset Import Pipeline V2.
Refreshing native plugins compatible for Editor in 79.29 ms, found 1 plugins.
Preloading 0 native plugins for Editor in 0.00 ms.
Initialize engine version: 2020.3.0f1 (c7b5465681fb)
[Subsystems] Discovering subsystems at path D:/Program Files/2020.3.0f1/Editor/Data/Resources/UnitySubsystems
[Subsystems] Discovering subsystems at path D:/Uni and personal work/Unity Games/Typing game/Assets
GfxDevice: creating device client; threaded=0
Direct3D:
    Version:  Direct3D 11.0 [level 11.1]
    Renderer: Radeon RX 560 Series (ID=0x67ef)
    Vendor:   
    VRAM:     4075 MB
    Driver:   27.20.14527.2002
Initialize mono
Mono path[0] = 'D:/Program Files/2020.3.0f1/Editor/Data/Managed'
Mono path[1] = 'D:/Program Files/2020.3.0f1/Editor/Data/MonoBleedingEdge/lib/mono/unityjit'
Mono config path = 'D:/Program Files/2020.3.0f1/Editor/Data/MonoBleedingEdge/etc'
Using monoOptions --debugger-agent=transport=dt_socket,embedding=1,server=y,suspend=n,address=127.0.0.1:56556
Begin MonoManager ReloadAssembly
Registering precompiled unity dll's ...
Register platform support module: D:/Program Files/2020.3.0f1/Editor/Data/PlaybackEngines/WindowsStandaloneSupport/UnityEditor.WindowsStandalone.Extensions.dll
Registered in 0.004052 seconds.
Native extension for WindowsStandalone target not found
Refreshing native plugins compatible for Editor in 72.38 ms, found 1 plugins.
Preloading 0 native plugins for Editor in 0.00 ms.
Invoked RoslynAnalysisRunner static constructor.
RoslynAnalysisRunner will not be running.
RoslynAnalysisRunner has terminated.
Mono: successfully reloaded assembly
- Completed reload, in  2.422 seconds
Platform modules already initialized, skipping
Registering precompiled user dll's ...
Registered in 0.001172 seconds.
Begin MonoManager ReloadAssembly
Native extension for WindowsStandalone target not found
Refreshing native plugins compatible for Editor in 66.83 ms, found 1 plugins.
Preloading 0 native plugins for Editor in 0.00 ms.
Invoked RoslynAnalysisRunner static constructor.
RoslynAnalysisRunner will not be running.
RoslynAnalysisRunner has terminated.
Mono: successfully reloaded assembly
- Completed reload, in  1.751 seconds
Platform modules already initialized, skipping
========================================================================
Worker process is ready to serve import requests
Launched and connected shader compiler UnityShaderCompiler.exe after 0.08 seconds
Refreshing native plugins compatible for Editor in 0.73 ms, found 1 plugins.
Preloading 0 native plugins for Editor in 0.00 ms.
Unloading 1810 Unused Serialized files (Serialized files now loaded: 0)
System memory in use before: 84.6 MB.
System memory in use after: 84.6 MB.

Unloading 24 unused Assets to reduce memory usage. Loaded Objects now: 2252.
Total: 3.676500 ms (FindLiveObjects: 0.579800 ms CreateObjectMapping: 0.229700 ms MarkObjects: 2.640900 ms  DeleteObjects: 0.224300 ms)

========================================================================
Received Import Request.
  path: Assets/Scripts/PlayerInput.cs
  artifactKey: Guid(88d547b97a9a8d04890006fc020d6790) Importer(815301076,1909f56bfc062723c751e8b465ee728b)
Start importing Assets/Scripts/PlayerInput.cs using Guid(88d547b97a9a8d04890006fc020d6790) Importer(815301076,1909f56bfc062723c751e8b465ee728b)  -> (artifact id: 'd67b12decdbfb61ad6cb07529717d93a') in 0.351309 seconds
  Import took 0.370978 seconds .

========================================================================
Received Prepare
Registering precompiled user dll's ...
Registered in 0.001279 seconds.
Begin MonoManager ReloadAssembly
Native extension for WindowsStandalone target not found
Refreshing native plugins compatible for Editor in 0.56 ms, found 1 plugins.
Preloading 0 native plugins for Editor in 0.00 ms.
Invoked RoslynAnalysisRunner static constructor.
RoslynAnalysisRunner will not be running.
RoslynAnalysisRunner has terminated.
Mono: successfully reloaded assembly
- Completed reload, in  1.629 seconds
Platform modules already initialized, skipping
Refreshing native plugins compatible for Editor in 0.63 ms, found 1 plugins.
Preloading 0 native plugins for Editor in 0.00 ms.
Unloading 1805 Unused Serialized files (Serialized files now loaded: 0)
System memory in use before: 84.6 MB.
System memory in use after: 84.6 MB.

Unloading 12 unused Assets to reduce memory usage. Loaded Objects now: 2256.
Total: 4.406200 ms (FindLiveObjects: 0.400500 ms CreateObjectMapping: 0.461000 ms MarkObjects: 3.355400 ms  DeleteObjects: 0.187600 ms)

========================================================================
Received Import Request.
  Time since last request: 835.664134 seconds.
  path: Assets/Scripts/PlayerInput.cs
  artifactKey: Guid(88d547b97a9a8d04890006fc020d6790) Importer(815301076,1909f56bfc062723c751e8b465ee728b)
Start importing Assets/Scripts/PlayerInput.cs using Guid(88d547b97a9a8d04890006fc020d6790) Importer(815301076,1909f56bfc062723c751e8b465ee728b)  -> (artifact id: 'c77ae01eeeb0f42fd143e7e58e73467b') in 0.008052 seconds
  Import took 0.011941 seconds .

========================================================================
Received Import Request.
  Time since last request: 18.921636 seconds.
  path: Assets/Scripts/PlayerInput.cs
  artifactKey: Guid(88d547b97a9a8d04890006fc020d6790) Importer(815301076,1909f56bfc062723c751e8b465ee728b)
Start importing Assets/Scripts/PlayerInput.cs using Guid(88d547b97a9a8d04890006fc020d6790) Importer(815301076,1909f56bfc062723c751e8b465ee728b)  -> (artifact id: '0a18eafb2eeaf4f25a9804ce8693f60c') in 0.003180 seconds
  Import took 0.007664 seconds .

========================================================================
Received Prepare
Registering precompiled user dll's ...
Registered in 0.001740 seconds.
Begin MonoManager ReloadAssembly
Native extension for WindowsStandalone target not found
Refreshing native plugins compatible for Editor in 0.59 ms, found 1 plugins.
Preloading 0 native plugins for Editor in 0.00 ms.
Invoked RoslynAnalysisRunner static constructor.
RoslynAnalysisRunner will not be running.
RoslynAnalysisRunner has terminated.
Mono: successfully reloaded assembly
- Completed reload, in  1.629 seconds
Platform modules already initialized, skipping
Refreshing native plugins compatible for Editor in 0.60 ms, found 1 plugins.
Preloading 0 native plugins for Editor in 0.00 ms.
Unloading 1805 Unused Serialized files (Serialized files now loaded: 0)
System memory in use before: 84.7 MB.
System memory in use after: 84.6 MB.

Unloading 12 unused Assets to reduce memory usage. Loaded Objects now: 2260.
Total: 3.684500 ms (FindLiveObjects: 0.689200 ms CreateObjectMapping: 0.182600 ms MarkObjects: 2.617300 ms  DeleteObjects: 0.193100 ms)

========================================================================
Received Prepare
Registering precompiled user dll's ...
Registered in 0.001756 seconds.
Begin MonoManager ReloadAssembly
Native extension for WindowsStandalone target not found
Refreshing native plugins compatible for Editor in 0.87 ms, found 1 plugins.
Preloading 0 native plugins for Editor in 0.00 ms.
Invoked RoslynAnalysisRunner static constructor.
RoslynAnalysisRunner will not be running.
RoslynAnalysisRunner has terminated.
Mono: successfully reloaded assembly
- Completed reload, in  1.659 seconds
Platform modules already initialized, skipping
Refreshing native plugins compatible for Editor in 0.68 ms, found 1 plugins.
Preloading 0 native plugins for Editor in 0.00 ms.
Unloading 1805 Unused Serialized files (Serialized files now loaded: 0)
System memory in use before: 84.7 MB.
System memory in use after: 84.7 MB.

Unloading 12 unused Assets to reduce memory usage. Loaded Objects now: 2264.
Total: 4.430800 ms (FindLiveObjects: 0.449600 ms CreateObjectMapping: 0.320800 ms MarkObjects: 3.487700 ms  DeleteObjects: 0.171100 ms)

========================================================================
Received Prepare
Registering precompiled user dll's ...
Registered in 0.001259 seconds.
Begin MonoManager ReloadAssembly
Native extension for WindowsStandalone target not found
Refreshing native plugins compatible for Editor in 0.60 ms, found 1 plugins.
Preloading 0 native plugins for Editor in 0.00 ms.
Invoked RoslynAnalysisRunner static constructor.
RoslynAnalysisRunner will not be running.
RoslynAnalysisRunner has terminated.
Mono: successfully reloaded assembly
- Completed reload, in  1.482 seconds
Platform modules already initialized, skipping
Refreshing native plugins compatible for Editor in 0.70 ms, found 1 plugins.
Preloading 0 native plugins for Editor in 0.00 ms.
Unloading 1805 Unused Serialized files (Serialized files now loaded: 0)
System memory in use before: 84.7 MB.
System memory in use after: 84.7 MB.

Unloading 12 unused Assets to reduce memory usage. Loaded Objects now: 2268.
Total: 3.460800 ms (FindLiveObjects: 0.371300 ms CreateObjectMapping: 0.100200 ms MarkObjects: 2.783900 ms  DeleteObjects: 0.203700 ms)

========================================================================
Received Prepare
Registering precompiled user dll's ...
Registered in 0.001246 seconds.
Begin MonoManager ReloadAssembly
Native extension for WindowsStandalone target not found
Refreshing native plugins compatible for Editor in 0.62 ms, found 1 plugins.
Preloading 0 native plugins for Editor in 0.00 ms.
Invoked RoslynAnalysisRunner static constructor.
RoslynAnalysisRunner will not be running.
RoslynAnalysisRunner has terminated.
Mono: successfully reloaded assembly
- Completed reload, in  1.403 seconds
Platform modules already initialized, skipping
Refreshing native plugins compatible for Editor in 0.55 ms, found 1 plugins.
Preloading 0 native plugins for Editor in 0.00 ms.
Unloading 1805 Unused Serialized files (Serialized files now loaded: 0)
System memory in use before: 84.7 MB.
System memory in use after: 84.7 MB.

Unloading 12 unused Assets to reduce memory usage. Loaded Objects now: 2272.
Total: 3.271800 ms (FindLiveObjects: 0.347400 ms CreateObjectMapping: 0.099700 ms MarkObjects: 2.627500 ms  DeleteObjects: 0.195700 ms)

========================================================================
Received Prepare
Registering precompiled user dll's ...
Registered in 0.001418 seconds.
Begin MonoManager ReloadAssembly
Native extension for WindowsStandalone target not found
Refreshing native plugins compatible for Editor in 0.61 ms, found 1 plugins.
Preloading 0 native plugins for Editor in 0.00 ms.
Invoked RoslynAnalysisRunner static constructor.
RoslynAnalysisRunner will not be running.
RoslynAnalysisRunner has terminated.
Mono: successfully reloaded assembly
- Completed reload, in  1.548 seconds
Platform modules already initialized, skipping
Refreshing native plugins compatible for Editor in 0.94 ms, found 1 plugins.
Preloading 0 native plugins for Editor in 0.00 ms.
Unloading 1805 Unused Serialized files (Serialized files now loaded: 0)
System memory in use before: 84.7 MB.
System memory in use after: 84.7 MB.

Unloading 12 unused Assets to reduce memory usage. Loaded Objects now: 2276.
Total: 3.613700 ms (FindLiveObjects: 0.449400 ms CreateObjectMapping: 0.136700 ms MarkObjects: 2.819900 ms  DeleteObjects: 0.204600 ms)

========================================================================
Received Prepare
Registering precompiled user dll's ...
Registered in 0.001154 seconds.
Begin MonoManager ReloadAssembly
Native extension for WindowsStandalone target not found
Refreshing native plugins compatible for Editor in 0.62 ms, found 1 plugins.
Preloading 0 native plugins for Editor in 0.00 ms.
Invoked RoslynAnalysisRunner static constructor.
RoslynAnalysisRunner will not be running.
RoslynAnalysisRunner has terminated.
Mono: successfully reloaded assembly
- Completed reload, in  1.419 seconds
Platform modules already initialized, skipping
Refreshing native plugins compatible for Editor in 0.59 ms, found 1 plugins.
Preloading 0 native plugins for Editor in 0.00 ms.
Unloading 1805 Unused Serialized files (Serialized files now loaded: 0)
System memory in use before: 84.7 MB.
System memory in use after: 84.7 MB.

Unloading 12 unused Assets to reduce memory usage. Loaded Objects now: 2280.
Total: 2.863000 ms (FindLiveObjects: 0.378100 ms CreateObjectMapping: 0.100900 ms MarkObjects: 2.193000 ms  DeleteObjects: 0.189300 ms)

========================================================================
Received Prepare
Registering precompiled user dll's ...
Registered in 0.001313 seconds.
Begin MonoManager ReloadAssembly
Native extension for WindowsStandalone target not found
Refreshing native plugins compatible for Editor in 0.64 ms, found 1 plugins.
Preloading 0 native plugins for Editor in 0.00 ms.
Invoked RoslynAnalysisRunner static constructor.
RoslynAnalysisRunner will not be running.
RoslynAnalysisRunner has terminated.
Mono: successfully reloaded assembly
- Completed reload, in  1.513 seconds
Platform modules already initialized, skipping
Refreshing native plugins compatible for Editor in 0.62 ms, found 1 plugins.
Preloading 0 native plugins for Editor in 0.00 ms.
Unloading 1805 Unused Serialized files (Serialized files now loaded: 0)
System memory in use before: 84.7 MB.
System memory in use after: 84.7 MB.

Unloading 12 unused Assets to reduce memory usage. Loaded Objects now: 2284.
Total: 3.019500 ms (FindLiveObjects: 0.390500 ms CreateObjectMapping: 0.100300 ms MarkObjects: 2.344500 ms  DeleteObjects: 0.182300 ms)

========================================================================
Received Prepare
Registering precompiled user dll's ...
Registered in 0.001095 seconds.
Begin MonoManager ReloadAssembly
Native extension for WindowsStandalone target not found
Refreshing native plugins compatible for Editor in 0.60 ms, found 1 plugins.
Preloading 0 native plugins for Editor in 0.00 ms.
Invoked RoslynAnalysisRunner static constructor.
RoslynAnalysisRunner will not be running.
RoslynAnalysisRunner has terminated.
Mono: successfully reloaded assembly
- Completed reload, in  1.349 seconds
Platform modules already initialized, skipping
Refreshing native plugins compatible for Editor in 0.63 ms, found 1 plugins.
Preloading 0 native plugins for Editor in 0.00 ms.
Unloading 1805 Unused Serialized files (Serialized files now loaded: 0)
System memory in use before: 84.7 MB.
System memory in use after: 84.7 MB.

Unloading 12 unused Assets to reduce memory usage. Loaded Objects now: 2288.
Total: 3.070600 ms (FindLiveObjects: 0.389900 ms CreateObjectMapping: 0.102300 ms MarkObjects: 2.407500 ms  DeleteObjects: 0.169200 ms)

========================================================================
Received Import Request.
  Time since last request: 1151.747269 seconds.
  path: Assets/Scripts/DisplayWord.cs
  artifactKey: Guid(7f70092cf6540ad4ab994ac3a9a34b49) Importer(815301076,1909f56bfc062723c751e8b465ee728b)
Start importing Assets/Scripts/DisplayWord.cs using Guid(7f70092cf6540ad4ab994ac3a9a34b49) Importer(815301076,1909f56bfc062723c751e8b465ee728b)  -> (artifact id: '490b7a93b446fae7ab7e2b5cb4f3272f') in 0.015394 seconds
  Import took 0.019860 seconds .

========================================================================
Received Prepare
Registering precompiled user dll's ...
Registered in 0.001558 seconds.
Begin MonoManager ReloadAssembly
Native extension for WindowsStandalone target not found
Refreshing native plugins compatible for Editor in 0.56 ms, found 1 plugins.
Preloading 0 native plugins for Editor in 0.00 ms.
Invoked RoslynAnalysisRunner static constructor.
RoslynAnalysisRunner will not be running.
RoslynAnalysisRunner has terminated.
Mono: successfully reloaded assembly
- Completed reload, in  1.375 seconds
Platform modules already initialized, skipping
Refreshing native plugins compatible for Editor in 0.62 ms, found 1 plugins.
Preloading 0 native plugins for Editor in 0.00 ms.
Unloading 1819 Unused Serialized files (Serialized files now loaded: 0)
System memory in use before: 86.5 MB.
System memory in use after: 85.8 MB.

Unloading 25 unused Assets to reduce memory usage. Loaded Objects now: 2293.
Total: 3.635700 ms (FindLiveObjects: 0.353400 ms CreateObjectMapping: 0.100200 ms MarkObjects: 2.524400 ms  DeleteObjects: 0.656400 ms)

========================================================================
Received Prepare
Registering precompiled user dll's ...
Registered in 0.001282 seconds.
Begin MonoManager ReloadAssembly
Native extension for WindowsStandalone target not found
Refreshing native plugins compatible for Editor in 0.62 ms, found 1 plugins.
Preloading 0 native plugins for Editor in 0.00 ms.
Invoked RoslynAnalysisRunner static constructor.
RoslynAnalysisRunner will not be running.
RoslynAnalysisRunner has terminated.
Mono: successfully reloaded assembly
- Completed reload, in  1.536 seconds
Platform modules already initialized, skipping
Refreshing native plugins compatible for Editor in 0.62 ms, found 1 plugins.
Preloading 0 native plugins for Editor in 0.00 ms.
Unloading 1819 Unused Serialized files (Serialized files now loaded: 0)
System memory in use before: 86.5 MB.
System memory in use after: 85.8 MB.

Unloading 25 unused Assets to reduce memory usage. Loaded Objects now: 2297.
Total: 3.628700 ms (FindLiveObjects: 0.406800 ms CreateObjectMapping: 0.101700 ms MarkObjects: 2.414700 ms  DeleteObjects: 0.703800 ms)

========================================================================
Received Import Request.
  Time since last request: 43.685947 seconds.
  path: Assets/Prefabs
  artifactKey: Guid(252f7a150bf257e47983b65fc51ed1b3) Importer(815301076,1909f56bfc062723c751e8b465ee728b)
Start importing Assets/Prefabs using Guid(252f7a150bf257e47983b65fc51ed1b3) Importer(815301076,1909f56bfc062723c751e8b465ee728b)  -> (artifact id: '90541953c73397e2f9638d9e6fe7d708') in 0.013483 seconds
  Import took 0.017521 seconds .

========================================================================
Received Import Request.
  Time since last request: 3.031556 seconds.
  path: Assets/Prefabs/Word.prefab
  artifactKey: Guid(ca8ed7c96ea134f48a5048608682e78d) Importer(815301076,1909f56bfc062723c751e8b465ee728b)
Start importing Assets/Prefabs/Word.prefab using Guid(ca8ed7c96ea134f48a5048608682e78d) Importer(815301076,1909f56bfc062723c751e8b465ee728b)  -> (artifact id: '045e272f59d2547fa9fbb681543ccdc1') in 0.143357 seconds
  Import took 0.147574 seconds .

========================================================================
Received Prepare
Registering precompiled user dll's ...
Registered in 0.001331 seconds.
Begin MonoManager ReloadAssembly
Native extension for WindowsStandalone target not found
Refreshing native plugins compatible for Editor in 0.63 ms, found 1 plugins.
Preloading 0 native plugins for Editor in 0.00 ms.
Invoked RoslynAnalysisRunner static constructor.
RoslynAnalysisRunner will not be running.
RoslynAnalysisRunner has terminated.
Mono: successfully reloaded assembly
- Completed reload, in  1.543 seconds
Platform modules already initialized, skipping
Refreshing native plugins compatible for Editor in 0.63 ms, found 1 plugins.
Preloading 0 native plugins for Editor in 0.00 ms.
Unloading 1819 Unused Serialized files (Serialized files now loaded: 0)
System memory in use before: 86.5 MB.
System memory in use after: 85.9 MB.

Unloading 25 unused Assets to reduce memory usage. Loaded Objects now: 2301.
Total: 3.675900 ms (FindLiveObjects: 0.531200 ms CreateObjectMapping: 0.107600 ms MarkObjects: 2.343000 ms  DeleteObjects: 0.692300 ms)

========================================================================
Received Prepare
Registering precompiled user dll's ...
Registered in 0.001501 seconds.
Begin MonoManager ReloadAssembly
Native extension for WindowsStandalone target not found
Refreshing native plugins compatible for Editor in 0.62 ms, found 1 plugins.
Preloading 0 native plugins for Editor in 0.00 ms.
Invoked RoslynAnalysisRunner static constructor.
RoslynAnalysisRunner will not be running.
RoslynAnalysisRunner has terminated.
Mono: successfully reloaded assembly
- Completed reload, in  1.387 seconds
Platform modules already initialized, skipping
Refreshing native plugins compatible for Editor in 0.54 ms, found 1 plugins.
Preloading 0 native plugins for Editor in 0.00 ms.
Unloading 1819 Unused Serialized files (Serialized files now loaded: 0)
System memory in use before: 86.5 MB.
System memory in use after: 85.9 MB.

Unloading 25 unused Assets to reduce memory usage. Loaded Objects now: 2305.
Total: 3.617800 ms (FindLiveObjects: 0.368200 ms CreateObjectMapping: 0.099800 ms MarkObjects: 2.458100 ms  DeleteObjects: 0.689900 ms)

========================================================================
Received Prepare
Registering precompiled user dll's ...
Registered in 0.001138 seconds.
Begin MonoManager ReloadAssembly
Native extension for WindowsStandalone target not found
Refreshing native plugins compatible for Editor in 0.60 ms, found 1 plugins.
Preloading 0 native plugins for Editor in 0.00 ms.
Invoked RoslynAnalysisRunner static constructor.
RoslynAnalysisRunner will not be running.
RoslynAnalysisRunner has terminated.
Mono: successfully reloaded assembly
- Completed reload, in  1.363 seconds
Platform modules already initialized, skipping
Refreshing native plugins compatible for Editor in 0.60 ms, found 1 plugins.
Preloading 0 native plugins for Editor in 0.00 ms.
Unloading 1819 Unused Serialized files (Serialized files now loaded: 0)
System memory in use before: 86.5 MB.
System memory in use after: 85.9 MB.

Unloading 25 unused Assets to reduce memory usage. Loaded Objects now: 2309.
Total: 3.619200 ms (FindLiveObjects: 0.405300 ms CreateObjectMapping: 0.101700 ms MarkObjects: 2.399700 ms  DeleteObjects: 0.711100 ms)

========================================================================
Received Import Request.
  Time since last request: 619.690348 seconds.
  path: Assets/Scripts/Spawner.cs
  artifactKey: Guid(ca81c005752aa07419a28f759d2c935e) Importer(815301076,1909f56bfc062723c751e8b465ee728b)
Start importing Assets/Scripts/Spawner.cs using Guid(ca81c005752aa07419a28f759d2c935e) Importer(815301076,1909f56bfc062723c751e8b465ee728b)  -> (artifact id: '52495d84b4fc03e48f108f81ae9371c1') in 0.015135 seconds
  Import took 0.020194 seconds .

========================================================================
Received Prepare
Registering precompiled user dll's ...
Registered in 0.001370 seconds.
Begin MonoManager ReloadAssembly
Native extension for WindowsStandalone target not found
Refreshing native plugins compatible for Editor in 0.56 ms, found 1 plugins.
Preloading 0 native plugins for Editor in 0.00 ms.
Invoked RoslynAnalysisRunner static constructor.
RoslynAnalysisRunner will not be running.
RoslynAnalysisRunner has terminated.
Mono: successfully reloaded assembly
- Completed reload, in  1.359 seconds
Platform modules already initialized, skipping
Refreshing native plugins compatible for Editor in 0.62 ms, found 1 plugins.
Preloading 0 native plugins for Editor in 0.00 ms.
Unloading 1820 Unused Serialized files (Serialized files now loaded: 0)
System memory in use before: 86.5 MB.
System memory in use after: 85.9 MB.

Unloading 25 unused Assets to reduce memory usage. Loaded Objects now: 2314.
Total: 3.974300 ms (FindLiveObjects: 0.397700 ms CreateObjectMapping: 0.103900 ms MarkObjects: 2.747400 ms  DeleteObjects: 0.723600 ms)

========================================================================
Received Prepare
Registering precompiled user dll's ...
Registered in 0.001324 seconds.
Begin MonoManager ReloadAssembly
Native extension for WindowsStandalone target not found
Refreshing native plugins compatible for Editor in 0.56 ms, found 1 plugins.
Preloading 0 native plugins for Editor in 0.00 ms.
Invoked RoslynAnalysisRunner static constructor.
RoslynAnalysisRunner will not be running.
RoslynAnalysisRunner has terminated.
Mono: successfully reloaded assembly
- Completed reload, in  1.336 seconds
Platform modules already initialized, skipping
Refreshing native plugins compatible for Editor in 0.65 ms, found 1 plugins.
Preloading 0 native plugins for Editor in 0.00 ms.
Unloading 1820 Unused Serialized files (Serialized files now loaded: 0)
System memory in use before: 86.5 MB.
System memory in use after: 85.9 MB.

Unloading 25 unused Assets to reduce memory usage. Loaded Objects now: 2318.
Total: 3.752600 ms (FindLiveObjects: 0.414100 ms CreateObjectMapping: 0.113800 ms MarkObjects: 2.527400 ms  DeleteObjects: 0.695700 ms)

========================================================================
Received Import Request.
  Time since last request: 18.409443 seconds.
  path: Assets/Scripts/Spawner.cs
  artifactKey: Guid(ca81c005752aa07419a28f759d2c935e) Importer(815301076,1909f56bfc062723c751e8b465ee728b)
Start importing Assets/Scripts/Spawner.cs using Guid(ca81c005752aa07419a28f759d2c935e) Importer(815301076,1909f56bfc062723c751e8b465ee728b)  -> (artifact id: '280d12db6b038a75e998f55745160c87') in 0.006969 seconds
  Import took 0.010868 seconds .

========================================================================
Received Import Request.
  Time since last request: 23.295182 seconds.
  path: Assets/Scripts/Spawner.cs
  artifactKey: Guid(ca81c005752aa07419a28f759d2c935e) Importer(815301076,1909f56bfc062723c751e8b465ee728b)
Start importing Assets/Scripts/Spawner.cs using Guid(ca81c005752aa07419a28f759d2c935e) Importer(815301076,1909f56bfc062723c751e8b465ee728b)  -> (artifact id: 'b61ae8667c75f282558c0bcce0bdefee') in 0.003078 seconds
  Import took 0.007165 seconds .

========================================================================
Received Prepare
Registering precompiled user dll's ...
Registered in 0.001497 seconds.
Begin MonoManager ReloadAssembly
Native extension for WindowsStandalone target not found
Refreshing native plugins compatible for Editor in 0.58 ms, found 1 plugins.
Preloading 0 native plugins for Editor in 0.00 ms.
Invoked RoslynAnalysisRunner static constructor.
RoslynAnalysisRunner will not be running.
RoslynAnalysisRunner has terminated.
Mono: successfully reloaded assembly
- Completed reload, in  1.510 seconds
Platform modules already initialized, skipping
Refreshing native plugins compatible for Editor in 0.63 ms, found 1 plugins.
Preloading 0 native plugins for Editor in 0.00 ms.
Unloading 1820 Unused Serialized files (Serialized files now loaded: 0)
System memory in use before: 86.5 MB.
System memory in use after: 85.9 MB.

Unloading 25 unused Assets to reduce memory usage. Loaded Objects now: 2322.
Total: 3.522400 ms (FindLiveObjects: 0.428900 ms CreateObjectMapping: 0.099900 ms MarkObjects: 2.284600 ms  DeleteObjects: 0.707200 ms)

========================================================================
Received Import Request.
  Time since last request: 26.128298 seconds.
  path: Assets/Scripts/Spawner.cs
  artifactKey: Guid(ca81c005752aa07419a28f759d2c935e) Importer(815301076,1909f56bfc062723c751e8b465ee728b)
Start importing Assets/Scripts/Spawner.cs using Guid(ca81c005752aa07419a28f759d2c935e) Importer(815301076,1909f56bfc062723c751e8b465ee728b)  -> (artifact id: '039104fd9e7db7f0d845f51a20b42fc2') in 0.006816 seconds
  Import took 0.011036 seconds .

========================================================================
Received Import Request.
  Time since last request: 33.601576 seconds.
  path: Assets/Scripts/Spawner.cs
  artifactKey: Guid(ca81c005752aa07419a28f759d2c935e) Importer(815301076,1909f56bfc062723c751e8b465ee728b)
Start importing Assets/Scripts/Spawner.cs using Guid(ca81c005752aa07419a28f759d2c935e) Importer(815301076,1909f56bfc062723c751e8b465ee728b)  -> (artifact id: '7313c0802d8acfe79128a8e6249e35d1') in 0.003478 seconds
  Import took 0.007593 seconds .

========================================================================
Received Prepare
Registering precompiled user dll's ...
Registered in 0.001254 seconds.
Begin MonoManager ReloadAssembly
Native extension for WindowsStandalone target not found
Refreshing native plugins compatible for Editor in 0.55 ms, found 1 plugins.
Preloading 0 native plugins for Editor in 0.00 ms.
Invoked RoslynAnalysisRunner static constructor.
RoslynAnalysisRunner will not be running.
RoslynAnalysisRunner has terminated.
Mono: successfully reloaded assembly
- Completed reload, in  1.299 seconds
Platform modules already initialized, skipping
Refreshing native plugins compatible for Editor in 0.54 ms, found 1 plugins.
Preloading 0 native plugins for Editor in 0.00 ms.
Unloading 1820 Unused Serialized files (Serialized files now loaded: 0)
System memory in use before: 86.6 MB.
System memory in use after: 85.9 MB.

Unloading 25 unused Assets to reduce memory usage. Loaded Objects now: 2326.
Total: 3.592400 ms (FindLiveObjects: 0.419700 ms CreateObjectMapping: 0.100300 ms MarkObjects: 2.364100 ms  DeleteObjects: 0.706400 ms)

========================================================================
Received Prepare
Registering precompiled user dll's ...
Registered in 0.001252 seconds.
Begin MonoManager ReloadAssembly
Native extension for WindowsStandalone target not found
Refreshing native plugins compatible for Editor in 0.55 ms, found 1 plugins.
Preloading 0 native plugins for Editor in 0.00 ms.
Invoked RoslynAnalysisRunner static constructor.
RoslynAnalysisRunner will not be running.
RoslynAnalysisRunner has terminated.
Mono: successfully reloaded assembly
- Completed reload, in  1.415 seconds
Platform modules already initialized, skipping
Refreshing native plugins compatible for Editor in 0.60 ms, found 1 plugins.
Preloading 0 native plugins for Editor in 0.00 ms.
Unloading 1820 Unused Serialized files (Serialized files now loaded: 0)
System memory in use before: 86.6 MB.
System memory in use after: 86.0 MB.

Unloading 25 unused Assets to reduce memory usage. Loaded Objects now: 2330.
Total: 4.774500 ms (FindLiveObjects: 0.571600 ms CreateObjectMapping: 0.171700 ms MarkObjects: 3.265100 ms  DeleteObjects: 0.764100 ms)

========================================================================
Received Prepare
Registering precompiled user dll's ...
Registered in 0.001531 seconds.
Begin MonoManager ReloadAssembly
Native extension for WindowsStandalone target not found
Refreshing native plugins compatible for Editor in 0.60 ms, found 1 plugins.
Preloading 0 native plugins for Editor in 0.00 ms.
Invoked RoslynAnalysisRunner static constructor.
RoslynAnalysisRunner will not be running.
RoslynAnalysisRunner has terminated.
Mono: successfully reloaded assembly
- Completed reload, in  1.547 seconds
Platform modules already initialized, skipping
Refreshing native plugins compatible for Editor in 0.68 ms, found 1 plugins.
Preloading 0 native plugins for Editor in 0.00 ms.
Unloading 1820 Unused Serialized files (Serialized files now loaded: 0)
System memory in use before: 86.6 MB.
System memory in use after: 86.0 MB.

Unloading 25 unused Assets to reduce memory usage. Loaded Objects now: 2334.
Total: 4.335500 ms (FindLiveObjects: 0.469800 ms CreateObjectMapping: 0.131500 ms MarkObjects: 2.884000 ms  DeleteObjects: 0.848200 ms)

========================================================================
Received Prepare
Registering precompiled user dll's ...
Registered in 0.001116 seconds.
Begin MonoManager ReloadAssembly
Native extension for WindowsStandalone target not found
Refreshing native plugins compatible for Editor in 0.61 ms, found 1 plugins.
Preloading 0 native plugins for Editor in 0.00 ms.
Invoked RoslynAnalysisRunner static constructor.
RoslynAnalysisRunner will not be running.
RoslynAnalysisRunner has terminated.
Mono: successfully reloaded assembly
- Completed reload, in  1.312 seconds
Platform modules already initialized, skipping
Refreshing native plugins compatible for Editor in 0.55 ms, found 1 plugins.
Preloading 0 native plugins for Editor in 0.00 ms.
Unloading 1820 Unused Serialized files (Serialized files now loaded: 0)
System memory in use before: 86.6 MB.
System memory in use after: 86.0 MB.

Unloading 25 unused Assets to reduce memory usage. Loaded Objects now: 2338.
Total: 3.344900 ms (FindLiveObjects: 0.352700 ms CreateObjectMapping: 0.099900 ms MarkObjects: 2.164100 ms  DeleteObjects: 0.727000 ms)

========================================================================
Received Prepare
Registering precompiled user dll's ...
Registered in 0.001319 seconds.
Begin MonoManager ReloadAssembly
Native extension for WindowsStandalone target not found
Refreshing native plugins compatible for Editor in 0.58 ms, found 1 plugins.
Preloading 0 native plugins for Editor in 0.00 ms.
Invoked RoslynAnalysisRunner static constructor.
RoslynAnalysisRunner will not be running.
RoslynAnalysisRunner has terminated.
Mono: successfully reloaded assembly
- Completed reload, in  1.351 seconds
Platform modules already initialized, skipping
Refreshing native plugins compatible for Editor in 0.81 ms, found 1 plugins.
Preloading 0 native plugins for Editor in 0.00 ms.
Unloading 1820 Unused Serialized files (Serialized files now loaded: 0)
System memory in use before: 86.6 MB.
System memory in use after: 86.0 MB.

Unloading 25 unused Assets to reduce memory usage. Loaded Objects now: 2342.
Total: 3.663300 ms (FindLiveObjects: 0.399100 ms CreateObjectMapping: 0.103700 ms MarkObjects: 2.423800 ms  DeleteObjects: 0.734900 ms)

========================================================================
Received Prepare
Registering precompiled user dll's ...
Registered in 0.001448 seconds.
Begin MonoManager ReloadAssembly
Native extension for WindowsStandalone target not found
Refreshing native plugins compatible for Editor in 0.61 ms, found 1 plugins.
Preloading 0 native plugins for Editor in 0.00 ms.
Invoked RoslynAnalysisRunner static constructor.
RoslynAnalysisRunner will not be running.
RoslynAnalysisRunner has terminated.
Mono: successfully reloaded assembly
- Completed reload, in  1.436 seconds
Platform modules already initialized, skipping
Refreshing native plugins compatible for Editor in 0.55 ms, found 1 plugins.
Preloading 0 native plugins for Editor in 0.00 ms.
Unloading 1820 Unused Serialized files (Serialized files now loaded: 0)
System memory in use before: 86.6 MB.
System memory in use after: 86.0 MB.

Unloading 25 unused Assets to reduce memory usage. Loaded Objects now: 2346.
Total: 4.772600 ms (FindLiveObjects: 0.485700 ms CreateObjectMapping: 0.146200 ms MarkObjects: 3.117600 ms  DeleteObjects: 1.019400 ms)

========================================================================
Received Prepare
Registering precompiled user dll's ...
Registered in 0.001137 seconds.
Begin MonoManager ReloadAssembly
Native extension for WindowsStandalone target not found
Refreshing native plugins compatible for Editor in 0.57 ms, found 1 plugins.
Preloading 0 native plugins for Editor in 0.00 ms.
Invoked RoslynAnalysisRunner static constructor.
RoslynAnalysisRunner will not be running.
RoslynAnalysisRunner has terminated.
Mono: successfully reloaded assembly
- Completed reload, in  1.328 seconds
Platform modules already initialized, skipping
Refreshing native plugins compatible for Editor in 0.54 ms, found 1 plugins.
Preloading 0 native plugins for Editor in 0.00 ms.
Unloading 1820 Unused Serialized files (Serialized files now loaded: 0)
System memory in use before: 86.6 MB.
System memory in use after: 86.0 MB.

Unloading 25 unused Assets to reduce memory usage. Loaded Objects now: 2350.
Total: 3.514500 ms (FindLiveObjects: 0.357600 ms CreateObjectMapping: 0.100600 ms MarkObjects: 2.339200 ms  DeleteObjects: 0.716000 ms)

========================================================================
Received Prepare
Registering precompiled user dll's ...
Registered in 0.001497 seconds.
Begin MonoManager ReloadAssembly
Native extension for WindowsStandalone target not found
Refreshing native plugins compatible for Editor in 0.74 ms, found 1 plugins.
Preloading 0 native plugins for Editor in 0.00 ms.
Invoked RoslynAnalysisRunner static constructor.
RoslynAnalysisRunner will not be running.
RoslynAnalysisRunner has terminated.
Mono: successfully reloaded assembly
- Completed reload, in  1.414 seconds
Platform modules already initialized, skipping
Refreshing native plugins compatible for Editor in 0.66 ms, found 1 plugins.
Preloading 0 native plugins for Editor in 0.00 ms.
Unloading 1820 Unused Serialized files (Serialized files now loaded: 0)
System memory in use before: 86.6 MB.
System memory in use after: 86.0 MB.

Unloading 25 unused Assets to reduce memory usage. Loaded Objects now: 2354.
Total: 3.622700 ms (FindLiveObjects: 0.379700 ms CreateObjectMapping: 0.106200 ms MarkObjects: 2.409100 ms  DeleteObjects: 0.726300 ms)

========================================================================
Received Prepare
Registering precompiled user dll's ...
Registered in 0.001298 seconds.
Begin MonoManager ReloadAssembly
Native extension for WindowsStandalone target not found
Refreshing native plugins compatible for Editor in 0.63 ms, found 1 plugins.
Preloading 0 native plugins for Editor in 0.00 ms.
Invoked RoslynAnalysisRunner static constructor.
RoslynAnalysisRunner will not be running.
RoslynAnalysisRunner has terminated.
Mono: successfully reloaded assembly
- Completed reload, in  1.379 seconds
Platform modules already initialized, skipping
Refreshing native plugins compatible for Editor in 0.68 ms, found 1 plugins.
Preloading 0 native plugins for Editor in 0.00 ms.
Unloading 1820 Unused Serialized files (Serialized files now loaded: 0)
System memory in use before: 86.6 MB.
System memory in use after: 86.0 MB.

Unloading 25 unused Assets to reduce memory usage. Loaded Objects now: 2358.
Total: 3.887600 ms (FindLiveObjects: 0.406000 ms CreateObjectMapping: 0.111900 ms MarkObjects: 2.661500 ms  DeleteObjects: 0.706500 ms)

========================================================================
Received Import Request.
  Time since last request: 533.665934 seconds.
  path: Assets/Prefabs/Word.prefab
  artifactKey: Guid(ca8ed7c96ea134f48a5048608682e78d) Importer(815301076,1909f56bfc062723c751e8b465ee728b)
Start importing Assets/Prefabs/Word.prefab using Guid(ca8ed7c96ea134f48a5048608682e78d) Importer(815301076,1909f56bfc062723c751e8b465ee728b)  -> (artifact id: '43e38faa1a7148c6895fa35036f3a67f') in 0.130182 seconds
  Import took 0.134675 seconds .

========================================================================
Received Import Request.
  Time since last request: 1.430655 seconds.
  path: Assets/Prefabs/Word.prefab
  artifactKey: Guid(ca8ed7c96ea134f48a5048608682e78d) Importer(815301076,1909f56bfc062723c751e8b465ee728b)
Start importing Assets/Prefabs/Word.prefab using Guid(ca8ed7c96ea134f48a5048608682e78d) Importer(815301076,1909f56bfc062723c751e8b465ee728b)  -> (artifact id: '08e618bd15ace778c038b0a4a3e07c2c') in 0.040866 seconds
  Import took 0.045395 seconds .

========================================================================
Received Prepare
Registering precompiled user dll's ...
Registered in 0.001417 seconds.
Begin MonoManager ReloadAssembly
Native extension for WindowsStandalone target not found
Refreshing native plugins compatible for Editor in 0.68 ms, found 1 plugins.
Preloading 0 native plugins for Editor in 0.00 ms.
Invoked RoslynAnalysisRunner static constructor.
RoslynAnalysisRunner will not be running.
RoslynAnalysisRunner has terminated.
Mono: successfully reloaded assembly
- Completed reload, in  1.409 seconds
Platform modules already initialized, skipping
Refreshing native plugins compatible for Editor in 0.63 ms, found 1 plugins.
Preloading 0 native plugins for Editor in 0.00 ms.
Unloading 1820 Unused Serialized files (Serialized files now loaded: 0)
System memory in use before: 86.6 MB.
System memory in use after: 86.0 MB.

Unloading 25 unused Assets to reduce memory usage. Loaded Objects now: 2362.
Total: 3.743200 ms (FindLiveObjects: 0.383400 ms CreateObjectMapping: 0.108100 ms MarkObjects: 2.522800 ms  DeleteObjects: 0.727300 ms)

AssetImportWorkerClient::OnTransportError - code=2 error=End of file
