Using pre-set license
Built from '2020.3/staging' branch; Version is '2020.3.0f1 (c7b5465681fb) revision 13088070'; Using compiler version '192528614'; Build Type 'Release'
OS: 'Windows 10 Pro; OS build 19042.867; Version 2009; 64bit' Language: 'en' Physical Memory: 16365 MB
BatchMode: 1, IsHumanControllingUs: 0, StartBugReporterOnCrash: 0, Is64bit: 1, IsPro: 0

 COMMAND LINE ARGUMENTS:
D:\Program Files\2020.3.0f1\Editor\Unity.exe
-adb2
-batchMode
-noUpm
-name
AssetImportWorker0
-projectPath
D:/Uni and personal work/Unity Games/Survitype
-logFile
Logs/AssetImportWorker0.log
-srvPort
56955
Successfully changed project path to: D:/Uni and personal work/Unity Games/Survitype
D:/Uni and personal work/Unity Games/Survitype
Using Asset Import Pipeline V2.
Refreshing native plugins compatible for Editor in 139.81 ms, found 0 plugins.
Preloading 0 native plugins for Editor in 0.00 ms.
Initialize engine version: 2020.3.0f1 (c7b5465681fb)
[Subsystems] Discovering subsystems at path D:/Program Files/2020.3.0f1/Editor/Data/Resources/UnitySubsystems
[Subsystems] Discovering subsystems at path D:/Uni and personal work/Unity Games/Survitype/Assets
GfxDevice: creating device client; threaded=0
Direct3D:
    Version:  Direct3D 11.0 [level 11.1]
    Renderer: Radeon RX 560 Series (ID=0x67ef)
    Vendor:   
    VRAM:     4075 MB
    Driver:   27.20.14527.2002
Initialize mono
Mono path[0] = 'D:/Program Files/2020.3.0f1/Editor/Data/Managed'
Mono path[1] = 'D:/Program Files/2020.3.0f1/Editor/Data/MonoBleedingEdge/lib/mono/unityjit'
Mono config path = 'D:/Program Files/2020.3.0f1/Editor/Data/MonoBleedingEdge/etc'
Using monoOptions --debugger-agent=transport=dt_socket,embedding=1,server=y,suspend=n,address=127.0.0.1:56744
Begin MonoManager ReloadAssembly
Registering precompiled unity dll's ...
Register platform support module: D:/Program Files/2020.3.0f1/Editor/Data/PlaybackEngines/WindowsStandaloneSupport/UnityEditor.WindowsStandalone.Extensions.dll
Registered in 0.002845 seconds.
Native extension for WindowsStandalone target not found
Refreshing native plugins compatible for Editor in 96.04 ms, found 0 plugins.
Preloading 0 native plugins for Editor in 0.00 ms.
Invoked RoslynAnalysisRunner static constructor.
RoslynAnalysisRunner will not be running.
RoslynAnalysisRunner has terminated.
Mono: successfully reloaded assembly
- Completed reload, in  6.469 seconds
Platform modules already initialized, skipping
Registering precompiled user dll's ...
Registered in 0.002371 seconds.
Begin MonoManager ReloadAssembly
Native extension for WindowsStandalone target not found
Refreshing native plugins compatible for Editor in 144.19 ms, found 0 plugins.
Preloading 0 native plugins for Editor in 0.00 ms.
Invoked RoslynAnalysisRunner static constructor.
RoslynAnalysisRunner will not be running.
RoslynAnalysisRunner has terminated.
Mono: successfully reloaded assembly
- Completed reload, in  3.021 seconds
Platform modules already initialized, skipping
========================================================================
Worker process is ready to serve import requests
Shader 'Universal Render Pipeline/Particles/Lit': fallback shader 'Universal Render Pipeline/Particles/SimpleLit' not found
Shader 'Universal Render Pipeline/Particles/Lit': fallback shader 'Universal Render Pipeline/Particles/SimpleLit' not found
Launched and connected shader compiler UnityShaderCompiler.exe after 0.19 seconds
Refreshing native plugins compatible for Editor in 0.93 ms, found 0 plugins.
Preloading 0 native plugins for Editor in 0.00 ms.
Unloading 2416 Unused Serialized files (Serialized files now loaded: 0)
System memory in use before: 109.9 MB.
System memory in use after: 107.7 MB.

Unloading 46 unused Assets to reduce memory usage. Loaded Objects now: 2820.
Total: 10.353800 ms (FindLiveObjects: 0.835900 ms CreateObjectMapping: 0.287400 ms MarkObjects: 4.671700 ms  DeleteObjects: 4.556300 ms)

========================================================================
Received Import Request.
  path: Assets/Readme.asset
  artifactKey: Guid(83c2ed844a8c74b779a4c823d16594b1) Importer(815301076,1909f56bfc062723c751e8b465ee728b)
Start importing Assets/Readme.asset using Guid(83c2ed844a8c74b779a4c823d16594b1) Importer(815301076,1909f56bfc062723c751e8b465ee728b)  -> (artifact id: '565fba1a13f97c68b9c7f204361b9afd') in 0.091279 seconds
  Import took 0.100445 seconds .

========================================================================
Received Import Request.
  Time since last request: 0.131206 seconds.
  path: Assets/Readme.asset
  artifactKey: Guid(83c2ed844a8c74b779a4c823d16594b1) Importer(815301076,1909f56bfc062723c751e8b465ee728b)
Start importing Assets/Readme.asset using Guid(83c2ed844a8c74b779a4c823d16594b1) Importer(815301076,1909f56bfc062723c751e8b465ee728b)  -> (artifact id: '565fba1a13f97c68b9c7f204361b9afd') in 0.019356 seconds
  Import took 0.028482 seconds .

========================================================================
Received Import Request.
  Time since last request: 34.858919 seconds.
  path: Assets/Materials
  artifactKey: Guid(d0234ba368eeec9418390da711bfdad0) Importer(815301076,1909f56bfc062723c751e8b465ee728b)
Start importing Assets/Materials using Guid(d0234ba368eeec9418390da711bfdad0) Importer(815301076,1909f56bfc062723c751e8b465ee728b)  -> (artifact id: 'af3059645bf3517e3864836cb7870e83') in 0.011143 seconds
  Import took 0.018665 seconds .

========================================================================
Received Import Request.
  Time since last request: 0.006498 seconds.
  path: Assets/Materials
  artifactKey: Guid(d0234ba368eeec9418390da711bfdad0) Importer(815301076,1909f56bfc062723c751e8b465ee728b)
Start importing Assets/Materials using Guid(d0234ba368eeec9418390da711bfdad0) Importer(815301076,1909f56bfc062723c751e8b465ee728b)  -> (artifact id: 'af3059645bf3517e3864836cb7870e83') in 0.012403 seconds
  Import took 0.018623 seconds .

========================================================================
Received Import Request.
  Time since last request: 0.501479 seconds.
  path: Assets/ExampleAssets
  artifactKey: Guid(990f5c2df70993f4987a388ca178996a) Importer(815301076,1909f56bfc062723c751e8b465ee728b)
Start importing Assets/ExampleAssets using Guid(990f5c2df70993f4987a388ca178996a) Importer(815301076,1909f56bfc062723c751e8b465ee728b)  -> (artifact id: '54e67b96d22055c43e52b10ee32d0134') in 0.010567 seconds
  Import took 0.139890 seconds .

========================================================================
Received Import Request.
  Time since last request: 1.280856 seconds.
  path: Assets
  artifactKey: Guid(00000000000000001000000000000000) Importer(815301076,1909f56bfc062723c751e8b465ee728b)
Start importing Assets using Guid(00000000000000001000000000000000) Importer(815301076,1909f56bfc062723c751e8b465ee728b)  -> (artifact id: '42baae205c97e3337697759514652acd') in 0.011719 seconds
  Import took 0.018343 seconds .

========================================================================
Received Import Request.
  Time since last request: 6.838747 seconds.
  path: Assets/Example Scene
  artifactKey: Guid(9ae4ffafa76b3a348bd9de42d551bad6) Importer(815301076,1909f56bfc062723c751e8b465ee728b)
Start importing Assets/Example Scene using Guid(9ae4ffafa76b3a348bd9de42d551bad6) Importer(815301076,1909f56bfc062723c751e8b465ee728b)  -> (artifact id: '566f088f81accc0d0ef776a99455d2de') in 0.010690 seconds
  Import took 0.017444 seconds .

========================================================================
Received Prepare
Registering precompiled user dll's ...
Registered in 0.001949 seconds.
Begin MonoManager ReloadAssembly
Native extension for WindowsStandalone target not found
Refreshing native plugins compatible for Editor in 0.71 ms, found 0 plugins.
Preloading 0 native plugins for Editor in 0.00 ms.
Invoked RoslynAnalysisRunner static constructor.
RoslynAnalysisRunner will not be running.
RoslynAnalysisRunner has terminated.
Mono: successfully reloaded assembly
- Completed reload, in  1.949 seconds
Platform modules already initialized, skipping
Shader 'Universal Render Pipeline/Particles/Lit': fallback shader 'Universal Render Pipeline/Particles/SimpleLit' not found
Shader 'Universal Render Pipeline/Particles/Lit': fallback shader 'Universal Render Pipeline/Particles/SimpleLit' not found
Refreshing native plugins compatible for Editor in 0.68 ms, found 0 plugins.
Preloading 0 native plugins for Editor in 0.00 ms.
Unloading 2343 Unused Serialized files (Serialized files now loaded: 0)
System memory in use before: 107.0 MB.
System memory in use after: 104.8 MB.

Unloading 41 unused Assets to reduce memory usage. Loaded Objects now: 2823.
Total: 7.193800 ms (FindLiveObjects: 0.542300 ms CreateObjectMapping: 0.158200 ms MarkObjects: 3.168200 ms  DeleteObjects: 3.323400 ms)

========================================================================
Received Import Request.
  Time since last request: 83.405841 seconds.
  path: Assets/Prefabs
  artifactKey: Guid(309320edeac7a7248935a0f719c85637) Importer(815301076,1909f56bfc062723c751e8b465ee728b)
Start importing Assets/Prefabs using Guid(309320edeac7a7248935a0f719c85637) Importer(815301076,1909f56bfc062723c751e8b465ee728b)  -> (artifact id: '47e26c07fb8339383780f09702370eab') in 0.017453 seconds
  Import took 0.026110 seconds .

========================================================================
Received Import Request.
  Time since last request: 31.163681 seconds.
  path: Assets/Scripts
  artifactKey: Guid(860f86b5ecfd1b64e8a8aa3717c62e38) Importer(815301076,1909f56bfc062723c751e8b465ee728b)
Start importing Assets/Scripts using Guid(860f86b5ecfd1b64e8a8aa3717c62e38) Importer(815301076,1909f56bfc062723c751e8b465ee728b)  -> (artifact id: '4461eb9f149e388347806f6d7ee214a4') in 0.010795 seconds
  Import took 0.031535 seconds .

========================================================================
Received Prepare
Registering precompiled user dll's ...
Registered in 0.002681 seconds.
Begin MonoManager ReloadAssembly
Native extension for WindowsStandalone target not found
Refreshing native plugins compatible for Editor in 0.66 ms, found 0 plugins.
Preloading 0 native plugins for Editor in 0.00 ms.
Invoked RoslynAnalysisRunner static constructor.
RoslynAnalysisRunner will not be running.
RoslynAnalysisRunner has terminated.
Mono: successfully reloaded assembly
- Completed reload, in  1.854 seconds
Platform modules already initialized, skipping
Shader 'Universal Render Pipeline/Particles/Lit': fallback shader 'Universal Render Pipeline/Particles/SimpleLit' not found
Shader 'Universal Render Pipeline/Particles/Lit': fallback shader 'Universal Render Pipeline/Particles/SimpleLit' not found
Refreshing native plugins compatible for Editor in 0.67 ms, found 0 plugins.
Preloading 0 native plugins for Editor in 0.00 ms.
Unloading 2349 Unused Serialized files (Serialized files now loaded: 0)
System memory in use before: 107.3 MB.
System memory in use after: 105.0 MB.

Unloading 41 unused Assets to reduce memory usage. Loaded Objects now: 2832.
Total: 6.331600 ms (FindLiveObjects: 0.505000 ms CreateObjectMapping: 0.146300 ms MarkObjects: 2.520400 ms  DeleteObjects: 3.157900 ms)

========================================================================
Received Import Request.
  Time since last request: 52.783546 seconds.
  path: Assets/Prefabs/Text (TMP).prefab
  artifactKey: Guid(5e56f29fa5bebbc4c99ad7bb2df7e06e) Importer(815301076,1909f56bfc062723c751e8b465ee728b)
Start importing Assets/Prefabs/Text (TMP).prefab using Guid(5e56f29fa5bebbc4c99ad7bb2df7e06e) Importer(815301076,1909f56bfc062723c751e8b465ee728b)  -> (artifact id: 'e3125ffad1616142a9514340ad8974e5') in 0.086086 seconds
  Import took 0.093108 seconds .

========================================================================
Received Import Request.
  Time since last request: 95.850759 seconds.
  path: Assets/Prefabs/Text (TMP).prefab
  artifactKey: Guid(5e56f29fa5bebbc4c99ad7bb2df7e06e) Importer(815301076,1909f56bfc062723c751e8b465ee728b)
Start importing Assets/Prefabs/Text (TMP).prefab using Guid(5e56f29fa5bebbc4c99ad7bb2df7e06e) Importer(815301076,1909f56bfc062723c751e8b465ee728b)  -> (artifact id: '45abde2aa1339634175d8d15df1a4fd6') in 0.075755 seconds
  Import took 0.082199 seconds .

========================================================================
Received Prepare
Registering precompiled user dll's ...
Registered in 0.001794 seconds.
Begin MonoManager ReloadAssembly
Native extension for WindowsStandalone target not found
Refreshing native plugins compatible for Editor in 0.71 ms, found 0 plugins.
Preloading 0 native plugins for Editor in 0.00 ms.
Invoked RoslynAnalysisRunner static constructor.
RoslynAnalysisRunner will not be running.
RoslynAnalysisRunner has terminated.
Mono: successfully reloaded assembly
- Completed reload, in  1.620 seconds
Platform modules already initialized, skipping
Shader 'Universal Render Pipeline/Particles/Lit': fallback shader 'Universal Render Pipeline/Particles/SimpleLit' not found
Shader 'Universal Render Pipeline/Particles/Lit': fallback shader 'Universal Render Pipeline/Particles/SimpleLit' not found
Refreshing native plugins compatible for Editor in 0.85 ms, found 0 plugins.
Preloading 0 native plugins for Editor in 0.00 ms.
Unloading 2362 Unused Serialized files (Serialized files now loaded: 0)
System memory in use before: 109.0 MB.
System memory in use after: 106.1 MB.

Unloading 54 unused Assets to reduce memory usage. Loaded Objects now: 2835.
Total: 6.681100 ms (FindLiveObjects: 0.590500 ms CreateObjectMapping: 0.151700 ms MarkObjects: 2.608100 ms  DeleteObjects: 3.328200 ms)

========================================================================
Received Import Request.
  Time since last request: 156.192269 seconds.
  path: Assets/Prefabs/Cube.prefab
  artifactKey: Guid(d3290da93ab515642aaad387cea802fc) Importer(815301076,1909f56bfc062723c751e8b465ee728b)
Start importing Assets/Prefabs/Cube.prefab using Guid(d3290da93ab515642aaad387cea802fc) Importer(815301076,1909f56bfc062723c751e8b465ee728b)  -> (artifact id: '238b23f2875f6235cca5b485f65be29e') in 0.528597 seconds
  Import took 0.536067 seconds .

========================================================================
Received Prepare
Registering precompiled user dll's ...
Registered in 0.002271 seconds.
Begin MonoManager ReloadAssembly
Native extension for WindowsStandalone target not found
Refreshing native plugins compatible for Editor in 0.72 ms, found 0 plugins.
Preloading 0 native plugins for Editor in 0.00 ms.
Invoked RoslynAnalysisRunner static constructor.
RoslynAnalysisRunner will not be running.
RoslynAnalysisRunner has terminated.
Mono: successfully reloaded assembly
- Completed reload, in  2.805 seconds
Platform modules already initialized, skipping
Shader 'Universal Render Pipeline/Particles/Lit': fallback shader 'Universal Render Pipeline/Particles/SimpleLit' not found
Shader 'Universal Render Pipeline/Particles/Lit': fallback shader 'Universal Render Pipeline/Particles/SimpleLit' not found
Refreshing native plugins compatible for Editor in 0.85 ms, found 0 plugins.
Preloading 0 native plugins for Editor in 0.00 ms.
Unloading 2362 Unused Serialized files (Serialized files now loaded: 0)
System memory in use before: 114.2 MB.
System memory in use after: 111.3 MB.

Unloading 54 unused Assets to reduce memory usage. Loaded Objects now: 2884.
Total: 12.395500 ms (FindLiveObjects: 0.647600 ms CreateObjectMapping: 0.432000 ms MarkObjects: 6.161600 ms  DeleteObjects: 5.151200 ms)

========================================================================
Received Import Request.
  Time since last request: 215.565822 seconds.
  path: Assets/Prefabs/Cube.prefab
  artifactKey: Guid(d3290da93ab515642aaad387cea802fc) Importer(815301076,1909f56bfc062723c751e8b465ee728b)
Start importing Assets/Prefabs/Cube.prefab using Guid(d3290da93ab515642aaad387cea802fc) Importer(815301076,1909f56bfc062723c751e8b465ee728b)  -> (artifact id: '7d1d75d4f9d80444f44935d7ec3f2c7c') in 0.433623 seconds
  Import took 0.543238 seconds .

========================================================================
Received Import Request.
  Time since last request: 10.843390 seconds.
  path: Assets/Prefabs/Cube.prefab
  artifactKey: Guid(d3290da93ab515642aaad387cea802fc) Importer(815301076,1909f56bfc062723c751e8b465ee728b)
Start importing Assets/Prefabs/Cube.prefab using Guid(d3290da93ab515642aaad387cea802fc) Importer(815301076,1909f56bfc062723c751e8b465ee728b)  -> (artifact id: '052a9135684adca6e100b5c0a08d7d24') in 0.058741 seconds
  Import took 0.066145 seconds .

========================================================================
Received Import Request.
  Time since last request: 1.516689 seconds.
  path: Assets/Prefabs/Cube.prefab
  artifactKey: Guid(d3290da93ab515642aaad387cea802fc) Importer(815301076,1909f56bfc062723c751e8b465ee728b)
Start importing Assets/Prefabs/Cube.prefab using Guid(d3290da93ab515642aaad387cea802fc) Importer(815301076,1909f56bfc062723c751e8b465ee728b)  -> (artifact id: '5214ff03f3b6046ba20e90008ed21e21') in 0.052280 seconds
  Import took 0.059097 seconds .

========================================================================
Received Prepare
Registering precompiled user dll's ...
Registered in 0.001986 seconds.
Begin MonoManager ReloadAssembly
Native extension for WindowsStandalone target not found
Refreshing native plugins compatible for Editor in 0.71 ms, found 0 plugins.
Preloading 0 native plugins for Editor in 0.00 ms.
Invoked RoslynAnalysisRunner static constructor.
RoslynAnalysisRunner will not be running.
RoslynAnalysisRunner has terminated.
Mono: successfully reloaded assembly
- Completed reload, in  1.707 seconds
Platform modules already initialized, skipping
Shader 'Universal Render Pipeline/Particles/Lit': fallback shader 'Universal Render Pipeline/Particles/SimpleLit' not found
Shader 'Universal Render Pipeline/Particles/Lit': fallback shader 'Universal Render Pipeline/Particles/SimpleLit' not found
Refreshing native plugins compatible for Editor in 0.67 ms, found 0 plugins.
Preloading 0 native plugins for Editor in 0.00 ms.
Unloading 2362 Unused Serialized files (Serialized files now loaded: 0)
System memory in use before: 114.3 MB.
System memory in use after: 111.4 MB.

Unloading 54 unused Assets to reduce memory usage. Loaded Objects now: 2923.
Total: 7.097600 ms (FindLiveObjects: 0.581000 ms CreateObjectMapping: 0.175900 ms MarkObjects: 2.818900 ms  DeleteObjects: 3.520100 ms)

AssetImportWorkerClient::OnTransportError - code=2 error=End of file
